1653890559550	geckodriver	INFO	Listening on 127.0.0.1:12420
1653890562507	mozrunner::runner	INFO	Running command: "C:\\Program Files\\Mozilla Firefox\\firefox.exe" "--marionette" "--remote-debugging-port" "12421" "--remote-allow-hosts" "localhost" "-no-remote" "-profile" "C:\\Users\\hcmoon\\AppData\\Local\\Temp\\rust_mozprofilesYrMIB"
1653890563347	Marionette	INFO	Marionette enabled
console.warn: SearchSettings: "get: No settings file exists, new profile?" (new NotFoundError("Could not open the file at C:\\Users\\hcmoon\\AppData\\Local\\Temp\\rust_mozprofilesYrMIB\\search.json.mozlz4", (void 0)))
DevTools listening on ws://localhost:12421/devtools/browser/0ec67425-2c2c-45ee-92c9-7e329140bca7
1653890567581	Marionette	INFO	Listening on port 12447
Read port: 12447
1653890567732	RemoteAgent	WARN	TLS certificate errors will be ignored for this session
console.warn: LoginRecipes: "getRecipes: falling back to a synchronous message for:" "https://www.google.com"
1653890581173	Marionette	INFO	Stopped listening on port 12447
console.warn: TopSitesFeed: Failed to fetch data from Contile server: NetworkError when attempting to fetch resource.

###!!! [Parent][PGPUParent] Error: RunMessage(msgname=PGPU::Msg_ShutdownVR) Channel closing: too late to send/recv, messages will be lost

1653907416428	geckodriver	INFO	Listening on 127.0.0.1:6261
1653907419434	mozrunner::runner	INFO	Running command: "C:\\Program Files\\Mozilla Firefox\\firefox.exe" "--marionette" "-no-remote" "-profile" "C:\\Users\\hcmoon\\AppData\\Local\\Temp\\rust_mozprofileXlsi2O"
1653907420676	Marionette	INFO	Marionette enabled
JavaScript error: chrome://browser/content/tabbrowser.js, line 5317: TypeError: this.PictureInPicture is undefined
console.warn: SearchSettings: "get: No settings file exists, new profile?" (new NotFoundError("Could not open the file at C:\\Users\\hcmoon\\AppData\\Local\\Temp\\rust_mozprofileXlsi2O\\search.json.mozlz4", (void 0)))
JavaScript error: resource:///modules/CustomizableUI.jsm, line 4103: Error: Area not yet restored
JavaScript error: resource:///modules/CustomizableUI.jsm, line 4103: Error: Area not yet restored
JavaScript error: chrome://browser/content/tabbrowser.js, line 5317: TypeError: this.PictureInPicture is undefined
JavaScript error: chrome://browser/content/tabbrowser.js, line 5317: TypeError: this.PictureInPicture is undefined
